<?xml version="1.0" encoding="UTF-8"?>
<testsuite xmlns:xsi="http://www.w3.org/2001/XMLSchema-instance" xsi:noNamespaceSchemaLocation="https://maven.apache.org/surefire/maven-surefire-plugin/xsd/surefire-test-report.xsd" name="com.java.sevice.ProductServiceTest" time="4.189" tests="4" errors="1" skipped="0" failures="0">
  <properties>
[...]
</properties>
  <testcase name="testProductNotAvailable" classname="com.java.sevice.ProductServiceTest" time="0.04">
    <error message="No value present" type="java.util.NoSuchElementException">java.util.NoSuchElementException: No value present
	at com.java.sevice.ProductServiceTest.testProductNotAvailable(ProductServiceTest.java:75)
</error>
    <system-out><![CDATA[13:12:05.972 [main] DEBUG org.springframework.test.context.BootstrapUtils - Instantiating CacheAwareContextLoaderDelegate from class [org.springframework.test.context.cache.DefaultCacheAwareContextLoaderDelegate]
13:12:05.979 [main] DEBUG org.springframework.test.context.BootstrapUtils - Instantiating BootstrapContext using constructor [public org.springframework.test.context.support.DefaultBootstrapContext(java.lang.Class,org.springframework.test.context.CacheAwareContextLoaderDelegate)]
13:12:06.006 [main] DEBUG org.springframework.test.context.BootstrapUtils - Instantiating TestContextBootstrapper for test class [com.java.sevice.ProductServiceTest] from class [org.springframework.boot.test.context.SpringBootTestContextBootstrapper]
13:12:06.014 [main] INFO org.springframework.boot.test.context.SpringBootTestContextBootstrapper - Neither @ContextConfiguration nor @ContextHierarchy found for test class [com.java.sevice.ProductServiceTest], using SpringBootContextLoader
13:12:06.017 [main] DEBUG org.springframework.test.context.support.AbstractContextLoader - Did not detect default resource location for test class [com.java.sevice.ProductServiceTest]: class path resource [com/java/sevice/ProductServiceTest-context.xml] does not exist
13:12:06.017 [main] DEBUG org.springframework.test.context.support.AbstractContextLoader - Did not detect default resource location for test class [com.java.sevice.ProductServiceTest]: class path resource [com/java/sevice/ProductServiceTestContext.groovy] does not exist
13:12:06.017 [main] INFO org.springframework.test.context.support.AbstractContextLoader - Could not detect default resource locations for test class [com.java.sevice.ProductServiceTest]: no resource found for suffixes {-context.xml, Context.groovy}.
13:12:06.050 [main] DEBUG org.springframework.test.context.support.ActiveProfilesUtils - Could not find an 'annotation declaring class' for annotation type [org.springframework.test.context.ActiveProfiles] and class [com.java.sevice.ProductServiceTest]
13:12:06.148 [main] DEBUG org.springframework.boot.test.context.SpringBootTestContextBootstrapper - @TestExecutionListeners is not present for class [com.java.sevice.ProductServiceTest]: using defaults.
13:12:06.148 [main] INFO org.springframework.boot.test.context.SpringBootTestContextBootstrapper - Loaded default TestExecutionListener class names from location [META-INF/spring.factories]: [org.springframework.boot.test.mock.mockito.MockitoTestExecutionListener, org.springframework.boot.test.mock.mockito.ResetMocksTestExecutionListener, org.springframework.boot.test.autoconfigure.restdocs.RestDocsTestExecutionListener, org.springframework.boot.test.autoconfigure.web.client.MockRestServiceServerResetTestExecutionListener, org.springframework.boot.test.autoconfigure.web.servlet.MockMvcPrintOnlyOnFailureTestExecutionListener, org.springframework.boot.test.autoconfigure.web.servlet.WebDriverTestExecutionListener, org.springframework.boot.test.autoconfigure.webservices.client.MockWebServiceServerTestExecutionListener, org.springframework.test.context.web.ServletTestExecutionListener, org.springframework.test.context.support.DirtiesContextBeforeModesTestExecutionListener, org.springframework.test.context.event.ApplicationEventsTestExecutionListener, org.springframework.test.context.support.DependencyInjectionTestExecutionListener, org.springframework.test.context.support.DirtiesContextTestExecutionListener, org.springframework.test.context.transaction.TransactionalTestExecutionListener, org.springframework.test.context.jdbc.SqlScriptsTestExecutionListener, org.springframework.test.context.event.EventPublishingTestExecutionListener]
13:12:06.160 [main] INFO org.springframework.boot.test.context.SpringBootTestContextBootstrapper - Using TestExecutionListeners: [org.springframework.test.context.web.ServletTestExecutionListener@3c9bfddc, org.springframework.test.context.support.DirtiesContextBeforeModesTestExecutionListener@1a9c38eb, org.springframework.test.context.event.ApplicationEventsTestExecutionListener@319bc845, org.springframework.boot.test.mock.mockito.MockitoTestExecutionListener@4c5474f5, org.springframework.boot.test.autoconfigure.SpringBootDependencyInjectionTestExecutionListener@2f4205be, org.springframework.test.context.support.DirtiesContextTestExecutionListener@54e22bdd, org.springframework.test.context.transaction.TransactionalTestExecutionListener@3bd418e4, org.springframework.test.context.jdbc.SqlScriptsTestExecutionListener@544820b7, org.springframework.test.context.event.EventPublishingTestExecutionListener@6b98a075, org.springframework.boot.test.mock.mockito.ResetMocksTestExecutionListener@2e61d218, org.springframework.boot.test.autoconfigure.restdocs.RestDocsTestExecutionListener@3569fc08, org.springframework.boot.test.autoconfigure.web.client.MockRestServiceServerResetTestExecutionListener@20b12f8a, org.springframework.boot.test.autoconfigure.web.servlet.MockMvcPrintOnlyOnFailureTestExecutionListener@e84a8e1, org.springframework.boot.test.autoconfigure.web.servlet.WebDriverTestExecutionListener@2e554a3b, org.springframework.boot.test.autoconfigure.webservices.client.MockWebServiceServerTestExecutionListener@54a67a45]
13:12:06.163 [main] DEBUG org.springframework.test.context.support.AbstractDirtiesContextTestExecutionListener - Before test class: context [DefaultTestContext@395b56bb testClass = ProductServiceTest, testInstance = [null], testMethod = [null], testException = [null], mergedContextConfiguration = [WebMergedContextConfiguration@256f8274 testClass = ProductServiceTest, locations = '{}', classes = '{class com.java.Application}', contextInitializerClasses = '[]', activeProfiles = '{}', propertySourceLocations = '{}', propertySourceProperties = '{org.springframework.boot.test.context.SpringBootTestContextBootstrapper=true}', contextCustomizers = set[org.springframework.boot.test.context.filter.ExcludeFilterContextCustomizer@6986852, org.springframework.boot.test.json.DuplicateJsonObjectContextCustomizerFactory$DuplicateJsonObjectContextCustomizer@6c61a903, org.springframework.boot.test.mock.mockito.MockitoContextCustomizer@0, org.springframework.boot.test.web.client.TestRestTemplateContextCustomizer@5b3f61ff, org.springframework.boot.test.autoconfigure.actuate.metrics.MetricsExportContextCustomizerFactory$DisableMetricExportContextCustomizer@46271dd6, org.springframework.boot.test.autoconfigure.properties.PropertyMappingContextCustomizer@0, org.springframework.boot.test.autoconfigure.web.servlet.WebDriverContextCustomizerFactory$Customizer@6304101a, org.springframework.boot.test.context.SpringBootTestArgs@1, org.springframework.boot.test.context.SpringBootTestWebEnvironment@2ef3eef9], resourceBasePath = 'src/main/webapp', contextLoader = 'org.springframework.boot.test.context.SpringBootContextLoader', parent = [null]], attributes = map['org.springframework.test.context.web.ServletTestExecutionListener.activateListener' -> true]], class annotated with @DirtiesContext [false] with mode [null].

  .   ____          _            __ _ _
 /\\ / ___'_ __ _ _(_)_ __  __ _ \ \ \ \
( ( )\___ | '_ | '_| | '_ \/ _` | \ \ \ \
 \\/  ___)| |_)| | | | | || (_| |  ) ) ) )
  '  |____| .__|_| |_|_| |_\__, | / / / /
 =========|_|==============|___/=/_/_/_/
 :: Spring Boot ::                (v2.7.1)

2022-07-01 13:12:06.420  INFO 11000 --- [           main] com.java.sevice.ProductServiceTest       : Starting ProductServiceTest using Java 17.0.2 on XIPL91274 with PID 11000 (started by Rohit.Gupta in C:\Users\rohit.gupta\Desktop\New folder\ProductREST)
2022-07-01 13:12:06.421  INFO 11000 --- [           main] com.java.sevice.ProductServiceTest       : No active profile set, falling back to 1 default profile: "default"
2022-07-01 13:12:06.964  INFO 11000 --- [           main] .s.d.r.c.RepositoryConfigurationDelegate : Bootstrapping Spring Data JPA repositories in DEFAULT mode.
2022-07-01 13:12:07.015  INFO 11000 --- [           main] .s.d.r.c.RepositoryConfigurationDelegate : Finished Spring Data repository scanning in 43 ms. Found 2 JPA repository interfaces.
2022-07-01 13:12:07.504  INFO 11000 --- [           main] o.hibernate.jpa.internal.util.LogHelper  : HHH000204: Processing PersistenceUnitInfo [name: default]
2022-07-01 13:12:07.546  INFO 11000 --- [           main] org.hibernate.Version                    : HHH000412: Hibernate ORM core version 5.6.9.Final
2022-07-01 13:12:07.681  INFO 11000 --- [           main] o.hibernate.annotations.common.Version   : HCANN000001: Hibernate Commons Annotations {5.1.2.Final}
2022-07-01 13:12:07.846  INFO 11000 --- [           main] com.zaxxer.hikari.HikariDataSource       : HikariPool-1 - Starting...
2022-07-01 13:12:08.187  INFO 11000 --- [           main] com.zaxxer.hikari.HikariDataSource       : HikariPool-1 - Start completed.
2022-07-01 13:12:08.222  INFO 11000 --- [           main] org.hibernate.dialect.Dialect            : HHH000400: Using dialect: org.hibernate.dialect.MySQL8Dialect
2022-07-01 13:12:08.768  INFO 11000 --- [           main] o.h.e.t.j.p.i.JtaPlatformInitiator       : HHH000490: Using JtaPlatform implementation: [org.hibernate.engine.transaction.jta.platform.internal.NoJtaPlatform]
2022-07-01 13:12:08.777  INFO 11000 --- [           main] j.LocalContainerEntityManagerFactoryBean : Initialized JPA EntityManagerFactory for persistence unit 'default'
2022-07-01 13:12:09.244  WARN 11000 --- [           main] JpaBaseConfiguration$JpaWebConfiguration : spring.jpa.open-in-view is enabled by default. Therefore, database queries may be performed during view rendering. Explicitly configure spring.jpa.open-in-view to disable this warning
2022-07-01 13:12:09.822  INFO 11000 --- [           main] com.java.sevice.ProductServiceTest       : Started ProductServiceTest in 3.628 seconds (JVM running for 4.42)
]]></system-out>
  </testcase>
  <testcase name="testSaveProduct" classname="com.java.sevice.ProductServiceTest" time="0.005"/>
  <testcase name="testFetchAllProduct" classname="com.java.sevice.ProductServiceTest" time="0.005"/>
  <testcase name="testFindCompanyName" classname="com.java.sevice.ProductServiceTest" time="0.003"/>
</testsuite>